{"/home/travis/build/npmtest/node-npmtest-gulp-html-replace/test.js":{"path":"/home/travis/build/npmtest/node-npmtest-gulp-html-replace/test.js","s":{"1":2,"2":2,"3":2,"4":2,"5":2,"6":2,"7":2,"8":1,"9":2,"10":2,"11":1,"12":1,"13":1,"14":1,"15":2,"16":2,"17":2,"18":2,"19":1,"20":1,"21":2,"22":2,"23":2,"24":1,"25":1,"26":1,"27":1,"28":1,"29":1,"30":1,"31":1,"32":1,"33":1,"34":1,"35":1,"36":2,"37":2,"38":1,"39":2,"40":2,"41":1,"42":2,"43":2,"44":1,"45":1,"46":1,"47":1,"48":1},"b":{"1":[2,1,1,1],"2":[1,1,1,1],"3":[1,1],"4":[1,1],"5":[1,1],"6":[1,1],"7":[1,1],"8":[1,1],"9":[1,1,1],"10":[1,1],"11":[1,1],"12":[1,1],"13":[1,1],"14":[1,1],"15":[1,1]},"f":{"1":2,"2":2,"3":2,"4":2,"5":2,"6":1,"7":1,"8":2,"9":2,"10":2,"11":1},"fnMap":{"1":{"name":"(anonymous_1)","line":12,"loc":{"start":{"line":12,"column":1},"end":{"line":12,"column":13}}},"2":{"name":"(anonymous_2)","line":19,"loc":{"start":{"line":19,"column":5},"end":{"line":19,"column":17}}},"3":{"name":"(anonymous_3)","line":23,"loc":{"start":{"line":23,"column":24},"end":{"line":23,"column":36}}},"4":{"name":"(anonymous_4)","line":61,"loc":{"start":{"line":61,"column":5},"end":{"line":61,"column":17}}},"5":{"name":"(anonymous_5)","line":82,"loc":{"start":{"line":82,"column":5},"end":{"line":82,"column":17}}},"6":{"name":"(anonymous_6)","line":102,"loc":{"start":{"line":102,"column":83},"end":{"line":105,"column":10}},"skip":true},"7":{"name":"(anonymous_7)","line":113,"loc":{"start":{"line":113,"column":77},"end":{"line":116,"column":10}},"skip":true},"8":{"name":"(anonymous_8)","line":127,"loc":{"start":{"line":127,"column":77},"end":{"line":130,"column":10}},"skip":true},"9":{"name":"(anonymous_9)","line":138,"loc":{"start":{"line":138,"column":83},"end":{"line":141,"column":10}},"skip":true},"10":{"name":"(anonymous_10)","line":149,"loc":{"start":{"line":149,"column":79},"end":{"line":152,"column":10}},"skip":true},"11":{"name":"(anonymous_11)","line":160,"loc":{"start":{"line":160,"column":75},"end":{"line":163,"column":10}},"skip":true}},"statementMap":{"1":{"start":{"line":12,"column":0},"end":{"line":175,"column":5}},"2":{"start":{"line":14,"column":4},"end":{"line":14,"column":14}},"3":{"start":{"line":19,"column":4},"end":{"line":56,"column":9}},"4":{"start":{"line":21,"column":8},"end":{"line":21,"column":19}},"5":{"start":{"line":23,"column":8},"end":{"line":35,"column":13}},"6":{"start":{"line":24,"column":12},"end":{"line":34,"column":13}},"7":{"start":{"line":25,"column":16},"end":{"line":28,"column":30}},"8":{"start":{"line":30,"column":16},"end":{"line":33,"column":27}},"9":{"start":{"line":37,"column":8},"end":{"line":39,"column":21}},"10":{"start":{"line":40,"column":8},"end":{"line":53,"column":9}},"11":{"start":{"line":43,"column":12},"end":{"line":46,"column":14}},"12":{"start":{"line":47,"column":12},"end":{"line":47,"column":18}},"13":{"start":{"line":50,"column":12},"end":{"line":51,"column":46}},"14":{"start":{"line":52,"column":12},"end":{"line":52,"column":18}},"15":{"start":{"line":55,"column":8},"end":{"line":55,"column":35}},"16":{"start":{"line":61,"column":4},"end":{"line":63,"column":9}},"17":{"start":{"line":62,"column":8},"end":{"line":62,"column":15}},"18":{"start":{"line":64,"column":4},"end":{"line":77,"column":5}},"19":{"start":{"line":70,"column":8},"end":{"line":70,"column":14}},"20":{"start":{"line":76,"column":8},"end":{"line":76,"column":14}},"21":{"start":{"line":82,"column":4},"end":{"line":84,"column":9}},"22":{"start":{"line":83,"column":8},"end":{"line":83,"column":15}},"23":{"start":{"line":85,"column":4},"end":{"line":174,"column":5}},"24":{"start":{"line":92,"column":8},"end":{"line":94,"column":63}},"25":{"start":{"line":95,"column":8},"end":{"line":95,"column":14}},"26":{"start":{"line":102,"column":8},"end":{"line":111,"column":10},"skip":true},"27":{"start":{"line":109,"column":12},"end":{"line":109,"column":55},"skip":true},"28":{"start":{"line":110,"column":12},"end":{"line":110,"column":48},"skip":true},"29":{"start":{"line":113,"column":8},"end":{"line":125,"column":10},"skip":true},"30":{"start":{"line":120,"column":12},"end":{"line":120,"column":76},"skip":true},"31":{"start":{"line":121,"column":12},"end":{"line":121,"column":73},"skip":true},"32":{"start":{"line":122,"column":12},"end":{"line":122,"column":74},"skip":true},"33":{"start":{"line":123,"column":12},"end":{"line":123,"column":25},"skip":true},"34":{"start":{"line":124,"column":12},"end":{"line":124,"column":45},"skip":true},"35":{"start":{"line":127,"column":8},"end":{"line":136,"column":10},"skip":true},"36":{"start":{"line":134,"column":12},"end":{"line":134,"column":25},"skip":true},"37":{"start":{"line":135,"column":12},"end":{"line":135,"column":45},"skip":true},"38":{"start":{"line":138,"column":8},"end":{"line":147,"column":10},"skip":true},"39":{"start":{"line":145,"column":12},"end":{"line":145,"column":25},"skip":true},"40":{"start":{"line":146,"column":12},"end":{"line":146,"column":48},"skip":true},"41":{"start":{"line":149,"column":8},"end":{"line":158,"column":10},"skip":true},"42":{"start":{"line":156,"column":12},"end":{"line":156,"column":25},"skip":true},"43":{"start":{"line":157,"column":12},"end":{"line":157,"column":46},"skip":true},"44":{"start":{"line":160,"column":8},"end":{"line":169,"column":10},"skip":true},"45":{"start":{"line":167,"column":12},"end":{"line":167,"column":94},"skip":true},"46":{"start":{"line":168,"column":12},"end":{"line":168,"column":48},"skip":true},"47":{"start":{"line":172,"column":8},"end":{"line":172,"column":35},"skip":true},"48":{"start":{"line":173,"column":8},"end":{"line":173,"column":14},"skip":true}},"branchMap":{"1":{"line":25,"type":"binary-expr","locations":[{"start":{"line":25,"column":23},"end":{"line":25,"column":62}},{"start":{"line":26,"column":20},"end":{"line":26,"column":70}},{"start":{"line":27,"column":20},"end":{"line":27,"column":71}},{"start":{"line":28,"column":20},"end":{"line":28,"column":29}}]},"2":{"line":30,"type":"binary-expr","locations":[{"start":{"line":30,"column":23},"end":{"line":30,"column":37}},{"start":{"line":31,"column":20},"end":{"line":31,"column":61}},{"start":{"line":32,"column":20},"end":{"line":32,"column":70}},{"start":{"line":33,"column":20},"end":{"line":33,"column":26}}]},"3":{"line":37,"type":"cond-expr","locations":[{"start":{"line":38,"column":14},"end":{"line":38,"column":20}},{"start":{"line":39,"column":14},"end":{"line":39,"column":20}}]},"4":{"line":40,"type":"switch","locations":[{"start":{"line":42,"column":8},"end":{"line":47,"column":18}},{"start":{"line":49,"column":8},"end":{"line":52,"column":18}}]},"5":{"line":44,"type":"binary-expr","locations":[{"start":{"line":44,"column":16},"end":{"line":44,"column":44}},{"start":{"line":44,"column":48},"end":{"line":44,"column":66}}]},"6":{"line":50,"type":"binary-expr","locations":[{"start":{"line":50,"column":21},"end":{"line":50,"column":49}},{"start":{"line":50,"column":53},"end":{"line":50,"column":72}}]},"7":{"line":64,"type":"switch","locations":[{"start":{"line":69,"column":4},"end":{"line":70,"column":14}},{"start":{"line":75,"column":4},"end":{"line":76,"column":14}}]},"8":{"line":85,"type":"switch","locations":[{"start":{"line":90,"column":4},"end":{"line":95,"column":14}},{"start":{"line":101,"column":4},"end":{"line":173,"column":14},"skip":true}]},"9":{"line":92,"type":"binary-expr","locations":[{"start":{"line":92,"column":18},"end":{"line":92,"column":32}},{"start":{"line":93,"column":12},"end":{"line":93,"column":53}},{"start":{"line":94,"column":12},"end":{"line":94,"column":61}}]},"10":{"line":102,"type":"binary-expr","locations":[{"start":{"line":102,"column":45},"end":{"line":102,"column":79},"skip":true},{"start":{"line":102,"column":83},"end":{"line":111,"column":9},"skip":true}]},"11":{"line":113,"type":"binary-expr","locations":[{"start":{"line":113,"column":42},"end":{"line":113,"column":73},"skip":true},{"start":{"line":113,"column":77},"end":{"line":125,"column":9},"skip":true}]},"12":{"line":127,"type":"binary-expr","locations":[{"start":{"line":127,"column":42},"end":{"line":127,"column":73},"skip":true},{"start":{"line":127,"column":77},"end":{"line":136,"column":9},"skip":true}]},"13":{"line":138,"type":"binary-expr","locations":[{"start":{"line":138,"column":45},"end":{"line":138,"column":79},"skip":true},{"start":{"line":138,"column":83},"end":{"line":147,"column":9},"skip":true}]},"14":{"line":149,"type":"binary-expr","locations":[{"start":{"line":149,"column":43},"end":{"line":149,"column":75},"skip":true},{"start":{"line":149,"column":79},"end":{"line":158,"column":9},"skip":true}]},"15":{"line":160,"type":"binary-expr","locations":[{"start":{"line":160,"column":41},"end":{"line":160,"column":71},"skip":true},{"start":{"line":160,"column":75},"end":{"line":169,"column":9},"skip":true}]}},"code":["/* istanbul instrument in package npmtest_gulp_html_replace */","/*jslint","    bitwise: true,","    browser: true,","    maxerr: 8,","    maxlen: 96,","    node: true,","    nomen: true,","    regexp: true,","    stupid: true","*/","(function () {","    'use strict';","    var local;","","","","    // run shared js-env code - pre-init","    (function () {","        // init local","        local = {};","        // init modeJs","        local.modeJs = (function () {","            try {","                return typeof navigator.userAgent === 'string' &&","                    typeof document.querySelector('body') === 'object' &&","                    typeof XMLHttpRequest.prototype.open === 'function' &&","                    'browser';","            } catch (errorCaughtBrowser) {","                return module.exports &&","                    typeof process.versions.node === 'string' &&","                    typeof require('http').createServer === 'function' &&","                    'node';","            }","        }());","        // init global","        local.global = local.modeJs === 'browser'","            ? window","            : global;","        switch (local.modeJs) {","        // re-init local from window.local","        case 'browser':","            local = local.global.utility2.objectSetDefault(","                local.global.utility2_rollup || local.global.local,","                local.global.utility2","            );","            break;","        // re-init local from example.js","        case 'node':","            local = (local.global.utility2_rollup || require('utility2'))","                .requireExampleJsFromReadme();","            break;","        }","        // export local","        local.global.local = local;","    }());","","","","    // run shared js-env code - function","    (function () {","        return;","    }());","    switch (local.modeJs) {","","","","    // run browser js-env code - function","    case 'browser':","        break;","","","","    // run node js-env code - function","    case 'node':","        break;","    }","","","","    // run shared js-env code - post-init","    (function () {","        return;","    }());","    switch (local.modeJs) {","","","","    // run browser js-env code - post-init","    case 'browser':","        // run tests","        local.nop(local.modeTest &&","            document.querySelector('#testRunButton1') &&","            document.querySelector('#testRunButton1').click());","        break;","","","","    // run node js-env code - post-init","    /* istanbul ignore next */","    case 'node':","        local.testCase_buildApidoc_default = local.testCase_buildApidoc_default || function (","            options,","            onError","        ) {","        /*","         * this function will test buildApidoc's default handling-behavior-behavior","         */","            options = { modulePathList: module.paths };","            local.buildApidoc(options, onError);","        };","","        local.testCase_buildApp_default = local.testCase_buildApp_default || function (","            options,","            onError","        ) {","        /*","         * this function will test buildApp's default handling-behavior-behavior","         */","            local.testCase_buildReadme_default(options, local.onErrorThrow);","            local.testCase_buildLib_default(options, local.onErrorThrow);","            local.testCase_buildTest_default(options, local.onErrorThrow);","            options = [];","            local.buildApp(options, onError);","        };","","        local.testCase_buildLib_default = local.testCase_buildLib_default || function (","            options,","            onError","        ) {","        /*","         * this function will test buildLib's default handling-behavior","         */","            options = {};","            local.buildLib(options, onError);","        };","","        local.testCase_buildReadme_default = local.testCase_buildReadme_default || function (","            options,","            onError","        ) {","        /*","         * this function will test buildReadme's default handling-behavior-behavior","         */","            options = {};","            local.buildReadme(options, onError);","        };","","        local.testCase_buildTest_default = local.testCase_buildTest_default || function (","            options,","            onError","        ) {","        /*","         * this function will test buildTest's default handling-behavior","         */","            options = {};","            local.buildTest(options, onError);","        };","","        local.testCase_webpage_default = local.testCase_webpage_default || function (","            options,","            onError","        ) {","        /*","         * this function will test webpage's default handling-behavior","         */","            options = { modeCoverageMerge: true, url: local.serverLocalHost + '?modeTest=1' };","            local.browserTest(options, onError);","        };","","        // run test-server","        local.testRunServer(local);","        break;","    }","}());",""],"l":{"12":2,"14":2,"19":2,"21":2,"23":2,"24":2,"25":2,"30":1,"37":2,"40":2,"43":1,"47":1,"50":1,"52":1,"55":2,"61":2,"62":2,"64":2,"70":1,"76":1,"82":2,"83":2,"85":2,"92":1,"95":1,"102":1,"109":1,"110":1,"113":1,"120":1,"121":1,"122":1,"123":1,"124":1,"127":1,"134":2,"135":2,"138":1,"145":2,"146":2,"149":1,"156":2,"157":2,"160":1,"167":1,"168":1,"172":1,"173":1}},"/home/travis/build/npmtest/node-npmtest-gulp-html-replace/lib.npmtest_gulp_html_replace.js":{"path":"/home/travis/build/npmtest/node-npmtest-gulp-html-replace/lib.npmtest_gulp_html_replace.js","s":{"1":2,"2":2,"3":2,"4":2,"5":2,"6":2,"7":2,"8":1,"9":2,"10":2,"11":2,"12":2,"13":1,"14":1,"15":1,"16":1},"b":{"1":[2,1,1,1],"2":[1,1,1,1],"3":[1,1],"4":[2,2],"5":[1,1]},"f":{"1":2,"2":2,"3":2},"fnMap":{"1":{"name":"(anonymous_1)","line":12,"loc":{"start":{"line":12,"column":1},"end":{"line":12,"column":13}}},"2":{"name":"(anonymous_2)","line":19,"loc":{"start":{"line":19,"column":5},"end":{"line":19,"column":17}}},"3":{"name":"(anonymous_3)","line":23,"loc":{"start":{"line":23,"column":24},"end":{"line":23,"column":36}}}},"statementMap":{"1":{"start":{"line":12,"column":0},"end":{"line":53,"column":5}},"2":{"start":{"line":14,"column":4},"end":{"line":14,"column":14}},"3":{"start":{"line":19,"column":4},"end":{"line":52,"column":9}},"4":{"start":{"line":21,"column":8},"end":{"line":21,"column":19}},"5":{"start":{"line":23,"column":8},"end":{"line":35,"column":13}},"6":{"start":{"line":24,"column":12},"end":{"line":34,"column":13}},"7":{"start":{"line":25,"column":16},"end":{"line":28,"column":30}},"8":{"start":{"line":30,"column":16},"end":{"line":33,"column":27}},"9":{"start":{"line":37,"column":8},"end":{"line":39,"column":21}},"10":{"start":{"line":41,"column":8},"end":{"line":41,"column":54}},"11":{"start":{"line":43,"column":8},"end":{"line":43,"column":62}},"12":{"start":{"line":45,"column":8},"end":{"line":51,"column":9}},"13":{"start":{"line":46,"column":12},"end":{"line":46,"column":68}},"14":{"start":{"line":48,"column":12},"end":{"line":48,"column":35}},"15":{"start":{"line":49,"column":12},"end":{"line":49,"column":49}},"16":{"start":{"line":50,"column":12},"end":{"line":50,"column":43}}},"branchMap":{"1":{"line":25,"type":"binary-expr","locations":[{"start":{"line":25,"column":23},"end":{"line":25,"column":62}},{"start":{"line":26,"column":20},"end":{"line":26,"column":70}},{"start":{"line":27,"column":20},"end":{"line":27,"column":71}},{"start":{"line":28,"column":20},"end":{"line":28,"column":29}}]},"2":{"line":30,"type":"binary-expr","locations":[{"start":{"line":30,"column":23},"end":{"line":30,"column":37}},{"start":{"line":31,"column":20},"end":{"line":31,"column":61}},{"start":{"line":32,"column":20},"end":{"line":32,"column":70}},{"start":{"line":33,"column":20},"end":{"line":33,"column":26}}]},"3":{"line":37,"type":"cond-expr","locations":[{"start":{"line":38,"column":14},"end":{"line":38,"column":20}},{"start":{"line":39,"column":14},"end":{"line":39,"column":20}}]},"4":{"line":41,"type":"binary-expr","locations":[{"start":{"line":41,"column":16},"end":{"line":41,"column":44}},{"start":{"line":41,"column":48},"end":{"line":41,"column":53}}]},"5":{"line":45,"type":"if","locations":[{"start":{"line":45,"column":8},"end":{"line":45,"column":8}},{"start":{"line":45,"column":8},"end":{"line":45,"column":8}}]}},"code":["/* istanbul instrument in package npmtest_gulp_html_replace */","/*jslint","    bitwise: true,","    browser: true,","    maxerr: 8,","    maxlen: 96,","    node: true,","    nomen: true,","    regexp: true,","    stupid: true","*/","(function () {","    'use strict';","    var local;","","","","    // run shared js-env code - pre-init","    (function () {","        // init local","        local = {};","        // init modeJs","        local.modeJs = (function () {","            try {","                return typeof navigator.userAgent === 'string' &&","                    typeof document.querySelector('body') === 'object' &&","                    typeof XMLHttpRequest.prototype.open === 'function' &&","                    'browser';","            } catch (errorCaughtBrowser) {","                return module.exports &&","                    typeof process.versions.node === 'string' &&","                    typeof require('http').createServer === 'function' &&","                    'node';","            }","        }());","        // init global","        local.global = local.modeJs === 'browser'","            ? window","            : global;","        // init utility2_rollup","        local = local.global.utility2_rollup || local;","        // init lib","        local.local = local.npmtest_gulp_html_replace = local;","        // init exports","        if (local.modeJs === 'browser') {","            local.global.utility2_npmtest_gulp_html_replace = local;","        } else {","            module.exports = local;","            module.exports.__dirname = __dirname;","            module.exports.module = module;","        }","    }());","}());",""],"l":{"12":2,"14":2,"19":2,"21":2,"23":2,"24":2,"25":2,"30":1,"37":2,"41":2,"43":2,"45":2,"46":1,"48":1,"49":1,"50":1}},"/home/travis/build/npmtest/node-npmtest-gulp-html-replace/example.js":{"path":"/home/travis/build/npmtest/node-npmtest-gulp-html-replace/example.js","s":{"1":2,"2":2,"3":2,"4":2,"5":2,"6":2,"7":2,"8":1,"9":2,"10":2,"11":2,"12":2,"13":1,"14":2,"15":2,"16":2,"17":2,"18":2,"19":0,"20":2,"21":1,"22":1,"23":1,"24":1,"25":1,"26":0,"27":0,"28":1,"29":1,"30":2,"31":0,"32":0,"33":0,"34":1,"35":2,"36":2,"37":2,"38":2,"39":2,"40":2,"41":0,"42":2,"43":2,"44":2,"45":1,"46":3,"47":1,"48":1,"49":1,"50":1,"51":1,"52":1,"53":1,"54":1,"55":1,"56":1,"57":0,"58":1,"59":6,"60":6,"61":1,"62":2,"63":0,"64":2,"65":1,"66":1,"67":0,"68":0,"69":0,"70":0,"71":0,"72":0,"73":0,"74":0,"75":0,"76":0,"77":0,"78":0,"79":0,"80":0,"81":0,"82":0,"83":0},"b":{"1":[2,1,1,1],"2":[1,1,1,1],"3":[1,1],"4":[2,2],"5":[1,1],"6":[1,1],"7":[2,0],"8":[2,1,1,1,1,1],"9":[0,2,0],"10":[1,1],"11":[2,1,1],"12":[1,0],"13":[0,2],"14":[2,0,0,0,0,0,0],"15":[0,2],"16":[2,0],"17":[1,1],"18":[0,1],"19":[1,2,0,2],"20":[1,0],"21":[1,1],"22":[0,0],"23":[0,0],"24":[0,0],"25":[0,0],"26":[0,0],"27":[0,0],"28":[0,0]},"f":{"1":2,"2":2,"3":2,"4":2,"5":2,"6":2,"7":2,"8":2,"9":3,"10":1,"11":6,"12":0},"fnMap":{"1":{"name":"(anonymous_1)","line":26,"loc":{"start":{"line":26,"column":1},"end":{"line":26,"column":13}}},"2":{"name":"(anonymous_2)","line":33,"loc":{"start":{"line":33,"column":5},"end":{"line":33,"column":17}}},"3":{"name":"(anonymous_3)","line":37,"loc":{"start":{"line":37,"column":24},"end":{"line":37,"column":36}}},"4":{"name":"(anonymous_4)","line":69,"loc":{"start":{"line":69,"column":31},"end":{"line":69,"column":48}},"skip":true},"5":{"name":"(anonymous_5)","line":78,"loc":{"start":{"line":78,"column":26},"end":{"line":78,"column":45}},"skip":true},"6":{"name":"(anonymous_6)","line":123,"loc":{"start":{"line":123,"column":33},"end":{"line":123,"column":48}},"skip":true},"7":{"name":"(anonymous_7)","line":125,"loc":{"start":{"line":125,"column":27},"end":{"line":125,"column":39}},"skip":true},"8":{"name":"(anonymous_8)","line":133,"loc":{"start":{"line":133,"column":59},"end":{"line":133,"column":74}},"skip":true},"9":{"name":"(anonymous_9)","line":143,"loc":{"start":{"line":143,"column":45},"end":{"line":143,"column":62}},"skip":true},"10":{"name":"(anonymous_10)","line":144,"loc":{"start":{"line":144,"column":73},"end":{"line":144,"column":92}},"skip":true},"11":{"name":"(anonymous_11)","line":272,"loc":{"start":{"line":272,"column":51},"end":{"line":272,"column":77}},"skip":true},"12":{"name":"(anonymous_12)","line":314,"loc":{"start":{"line":314,"column":32},"end":{"line":314,"column":61}},"skip":true}},"statementMap":{"1":{"start":{"line":26,"column":0},"end":{"line":325,"column":5}},"2":{"start":{"line":28,"column":4},"end":{"line":28,"column":14}},"3":{"start":{"line":33,"column":4},"end":{"line":60,"column":9}},"4":{"start":{"line":35,"column":8},"end":{"line":35,"column":19}},"5":{"start":{"line":37,"column":8},"end":{"line":49,"column":13}},"6":{"start":{"line":38,"column":12},"end":{"line":48,"column":13}},"7":{"start":{"line":39,"column":16},"end":{"line":42,"column":30}},"8":{"start":{"line":44,"column":16},"end":{"line":47,"column":27}},"9":{"start":{"line":51,"column":8},"end":{"line":53,"column":21}},"10":{"start":{"line":55,"column":8},"end":{"line":57,"column":45}},"11":{"start":{"line":59,"column":8},"end":{"line":59,"column":35}},"12":{"start":{"line":61,"column":4},"end":{"line":324,"column":5}},"13":{"start":{"line":69,"column":8},"end":{"line":121,"column":10},"skip":true},"14":{"start":{"line":70,"column":12},"end":{"line":88,"column":13},"skip":true},"15":{"start":{"line":76,"column":16},"end":{"line":87,"column":19},"skip":true},"16":{"start":{"line":79,"column":20},"end":{"line":86,"column":21},"skip":true},"17":{"start":{"line":82,"column":24},"end":{"line":82,"column":43},"skip":true},"18":{"start":{"line":83,"column":24},"end":{"line":83,"column":30},"skip":true},"19":{"start":{"line":85,"column":24},"end":{"line":85,"column":49},"skip":true},"20":{"start":{"line":89,"column":12},"end":{"line":107,"column":13},"skip":true},"21":{"start":{"line":92,"column":16},"end":{"line":102,"column":17},"skip":true},"22":{"start":{"line":93,"column":20},"end":{"line":93,"column":86},"skip":true},"23":{"start":{"line":94,"column":20},"end":{"line":95,"column":45},"skip":true},"24":{"start":{"line":96,"column":20},"end":{"line":96,"column":42},"skip":true},"25":{"start":{"line":97,"column":20},"end":{"line":97,"column":48},"skip":true},"26":{"start":{"line":100,"column":20},"end":{"line":100,"column":85},"skip":true},"27":{"start":{"line":101,"column":20},"end":{"line":101,"column":96},"skip":true},"28":{"start":{"line":103,"column":16},"end":{"line":103,"column":22},"skip":true},"29":{"start":{"line":106,"column":16},"end":{"line":106,"column":22},"skip":true},"30":{"start":{"line":108,"column":12},"end":{"line":120,"column":13},"skip":true},"31":{"start":{"line":114,"column":16},"end":{"line":119,"column":17},"skip":true},"32":{"start":{"line":116,"column":20},"end":{"line":116,"column":78},"skip":true},"33":{"start":{"line":118,"column":20},"end":{"line":118,"column":53},"skip":true},"34":{"start":{"line":123,"column":8},"end":{"line":141,"column":11},"skip":true},"35":{"start":{"line":124,"column":12},"end":{"line":124,"column":54},"skip":true},"36":{"start":{"line":125,"column":12},"end":{"line":140,"column":14},"skip":true},"37":{"start":{"line":126,"column":16},"end":{"line":126,"column":28},"skip":true},"38":{"start":{"line":127,"column":16},"end":{"line":127,"column":69},"skip":true},"39":{"start":{"line":128,"column":16},"end":{"line":128,"column":75},"skip":true},"40":{"start":{"line":129,"column":16},"end":{"line":131,"column":17},"skip":true},"41":{"start":{"line":130,"column":20},"end":{"line":130,"column":27},"skip":true},"42":{"start":{"line":133,"column":16},"end":{"line":137,"column":36},"skip":true},"43":{"start":{"line":134,"column":20},"end":{"line":136,"column":55},"skip":true},"44":{"start":{"line":139,"column":16},"end":{"line":139,"column":57},"skip":true},"45":{"start":{"line":143,"column":8},"end":{"line":147,"column":11},"skip":true},"46":{"start":{"line":144,"column":12},"end":{"line":146,"column":15},"skip":true},"47":{"start":{"line":145,"column":16},"end":{"line":145,"column":70},"skip":true},"48":{"start":{"line":149,"column":8},"end":{"line":149,"column":31},"skip":true},"49":{"start":{"line":150,"column":8},"end":{"line":150,"column":14},"skip":true},"50":{"start":{"line":158,"column":8},"end":{"line":158,"column":31},"skip":true},"51":{"start":{"line":160,"column":8},"end":{"line":160,"column":33},"skip":true},"52":{"start":{"line":161,"column":8},"end":{"line":161,"column":37},"skip":true},"53":{"start":{"line":162,"column":8},"end":{"line":162,"column":35},"skip":true},"54":{"start":{"line":164,"column":8},"end":{"line":164,"column":50},"skip":true},"55":{"start":{"line":166,"column":8},"end":{"line":256,"column":2},"skip":true},"56":{"start":{"line":258,"column":8},"end":{"line":286,"column":9},"skip":true},"57":{"start":{"line":259,"column":12},"end":{"line":269,"column":14},"skip":true},"58":{"start":{"line":271,"column":12},"end":{"line":285,"column":19},"skip":true},"59":{"start":{"line":274,"column":20},"end":{"line":274,"column":35},"skip":true},"60":{"start":{"line":275,"column":20},"end":{"line":284,"column":21},"skip":true},"61":{"start":{"line":277,"column":24},"end":{"line":277,"column":64},"skip":true},"62":{"start":{"line":279,"column":24},"end":{"line":279,"column":40},"skip":true},"63":{"start":{"line":281,"column":24},"end":{"line":281,"column":40},"skip":true},"64":{"start":{"line":283,"column":24},"end":{"line":283,"column":39},"skip":true},"65":{"start":{"line":288,"column":8},"end":{"line":290,"column":9},"skip":true},"66":{"start":{"line":289,"column":12},"end":{"line":289,"column":18},"skip":true},"67":{"start":{"line":291,"column":8},"end":{"line":293,"column":54},"skip":true},"68":{"start":{"line":294,"column":8},"end":{"line":301,"column":37},"skip":true},"69":{"start":{"line":302,"column":8},"end":{"line":302,"column":82},"skip":true},"70":{"start":{"line":305,"column":8},"end":{"line":307,"column":9},"skip":true},"71":{"start":{"line":306,"column":12},"end":{"line":306,"column":82},"skip":true},"72":{"start":{"line":309,"column":8},"end":{"line":311,"column":9},"skip":true},"73":{"start":{"line":310,"column":12},"end":{"line":310,"column":18},"skip":true},"74":{"start":{"line":312,"column":8},"end":{"line":312,"column":54},"skip":true},"75":{"start":{"line":313,"column":8},"end":{"line":313,"column":69},"skip":true},"76":{"start":{"line":314,"column":8},"end":{"line":322,"column":36},"skip":true},"77":{"start":{"line":315,"column":12},"end":{"line":315,"column":61},"skip":true},"78":{"start":{"line":316,"column":12},"end":{"line":319,"column":13},"skip":true},"79":{"start":{"line":317,"column":16},"end":{"line":317,"column":75},"skip":true},"80":{"start":{"line":318,"column":16},"end":{"line":318,"column":23},"skip":true},"81":{"start":{"line":320,"column":12},"end":{"line":320,"column":38},"skip":true},"82":{"start":{"line":321,"column":12},"end":{"line":321,"column":27},"skip":true},"83":{"start":{"line":323,"column":8},"end":{"line":323,"column":14},"skip":true}},"branchMap":{"1":{"line":39,"type":"binary-expr","locations":[{"start":{"line":39,"column":23},"end":{"line":39,"column":62}},{"start":{"line":40,"column":20},"end":{"line":40,"column":70}},{"start":{"line":41,"column":20},"end":{"line":41,"column":71}},{"start":{"line":42,"column":20},"end":{"line":42,"column":29}}]},"2":{"line":44,"type":"binary-expr","locations":[{"start":{"line":44,"column":23},"end":{"line":44,"column":37}},{"start":{"line":45,"column":20},"end":{"line":45,"column":61}},{"start":{"line":46,"column":20},"end":{"line":46,"column":70}},{"start":{"line":47,"column":20},"end":{"line":47,"column":26}}]},"3":{"line":51,"type":"cond-expr","locations":[{"start":{"line":52,"column":14},"end":{"line":52,"column":20}},{"start":{"line":53,"column":14},"end":{"line":53,"column":20}}]},"4":{"line":55,"type":"binary-expr","locations":[{"start":{"line":55,"column":16},"end":{"line":55,"column":44}},{"start":{"line":55,"column":49},"end":{"line":57,"column":43}}]},"5":{"line":55,"type":"cond-expr","locations":[{"start":{"line":56,"column":14},"end":{"line":56,"column":61}},{"start":{"line":57,"column":14},"end":{"line":57,"column":43}}]},"6":{"line":61,"type":"switch","locations":[{"start":{"line":68,"column":4},"end":{"line":150,"column":14},"skip":true},{"start":{"line":156,"column":4},"end":{"line":323,"column":14},"skip":true}]},"7":{"line":70,"type":"if","locations":[{"start":{"line":70,"column":12},"end":{"line":70,"column":12},"skip":true},{"start":{"line":70,"column":12},"end":{"line":70,"column":12},"skip":true}]},"8":{"line":70,"type":"binary-expr","locations":[{"start":{"line":70,"column":16},"end":{"line":70,"column":22},"skip":true},{"start":{"line":70,"column":27},"end":{"line":70,"column":32},"skip":true},{"start":{"line":71,"column":20},"end":{"line":71,"column":39},"skip":true},{"start":{"line":72,"column":20},"end":{"line":72,"column":49},"skip":true},{"start":{"line":73,"column":20},"end":{"line":73,"column":58},"skip":true},{"start":{"line":74,"column":20},"end":{"line":74,"column":69},"skip":true}]},"9":{"line":79,"type":"switch","locations":[{"start":{"line":80,"column":20},"end":{"line":80,"column":33},"skip":true},{"start":{"line":81,"column":20},"end":{"line":83,"column":30},"skip":true},{"start":{"line":84,"column":20},"end":{"line":85,"column":49},"skip":true}]},"10":{"line":89,"type":"switch","locations":[{"start":{"line":90,"column":12},"end":{"line":103,"column":22},"skip":true},{"start":{"line":105,"column":12},"end":{"line":106,"column":22},"skip":true}]},"11":{"line":89,"type":"binary-expr","locations":[{"start":{"line":89,"column":20},"end":{"line":89,"column":25},"skip":true},{"start":{"line":89,"column":29},"end":{"line":89,"column":48},"skip":true},{"start":{"line":89,"column":52},"end":{"line":89,"column":74},"skip":true}]},"12":{"line":92,"type":"if","locations":[{"start":{"line":92,"column":16},"end":{"line":92,"column":16},"skip":true},{"start":{"line":92,"column":16},"end":{"line":92,"column":16},"skip":true}]},"13":{"line":108,"type":"if","locations":[{"start":{"line":108,"column":12},"end":{"line":108,"column":12},"skip":true},{"start":{"line":108,"column":12},"end":{"line":108,"column":12},"skip":true}]},"14":{"line":108,"type":"binary-expr","locations":[{"start":{"line":108,"column":16},"end":{"line":108,"column":61},"skip":true},{"start":{"line":108,"column":66},"end":{"line":108,"column":72},"skip":true},{"start":{"line":108,"column":77},"end":{"line":108,"column":82},"skip":true},{"start":{"line":109,"column":20},"end":{"line":109,"column":39},"skip":true},{"start":{"line":110,"column":20},"end":{"line":110,"column":49},"skip":true},{"start":{"line":111,"column":20},"end":{"line":111,"column":58},"skip":true},{"start":{"line":112,"column":20},"end":{"line":112,"column":68},"skip":true}]},"15":{"line":129,"type":"if","locations":[{"start":{"line":129,"column":16},"end":{"line":129,"column":16},"skip":true},{"start":{"line":129,"column":16},"end":{"line":129,"column":16},"skip":true}]},"16":{"line":134,"type":"cond-expr","locations":[{"start":{"line":135,"column":26},"end":{"line":135,"column":29},"skip":true},{"start":{"line":136,"column":26},"end":{"line":136,"column":54},"skip":true}]},"17":{"line":164,"type":"binary-expr","locations":[{"start":{"line":164,"column":27},"end":{"line":164,"column":43},"skip":true},{"start":{"line":164,"column":47},"end":{"line":164,"column":49},"skip":true}]},"18":{"line":258,"type":"if","locations":[{"start":{"line":258,"column":8},"end":{"line":258,"column":8},"skip":true},{"start":{"line":258,"column":8},"end":{"line":258,"column":8},"skip":true}]},"19":{"line":275,"type":"switch","locations":[{"start":{"line":276,"column":20},"end":{"line":277,"column":64},"skip":true},{"start":{"line":278,"column":20},"end":{"line":279,"column":40},"skip":true},{"start":{"line":280,"column":20},"end":{"line":281,"column":40},"skip":true},{"start":{"line":282,"column":20},"end":{"line":283,"column":39},"skip":true}]},"20":{"line":288,"type":"if","locations":[{"start":{"line":288,"column":8},"end":{"line":288,"column":8},"skip":true},{"start":{"line":288,"column":8},"end":{"line":288,"column":8},"skip":true}]},"21":{"line":288,"type":"binary-expr","locations":[{"start":{"line":288,"column":12},"end":{"line":288,"column":40},"skip":true},{"start":{"line":288,"column":44},"end":{"line":288,"column":67},"skip":true}]},"22":{"line":292,"type":"binary-expr","locations":[{"start":{"line":292,"column":12},"end":{"line":292,"column":50},"skip":true},{"start":{"line":293,"column":12},"end":{"line":293,"column":53},"skip":true}]},"23":{"line":295,"type":"binary-expr","locations":[{"start":{"line":295,"column":12},"end":{"line":295,"column":75},"skip":true},{"start":{"line":296,"column":12},"end":{"line":301,"column":36},"skip":true}]},"24":{"line":302,"type":"binary-expr","locations":[{"start":{"line":302,"column":43},"end":{"line":302,"column":75},"skip":true},{"start":{"line":302,"column":79},"end":{"line":302,"column":81},"skip":true}]},"25":{"line":305,"type":"if","locations":[{"start":{"line":305,"column":8},"end":{"line":305,"column":8},"skip":true},{"start":{"line":305,"column":8},"end":{"line":305,"column":8},"skip":true}]},"26":{"line":309,"type":"if","locations":[{"start":{"line":309,"column":8},"end":{"line":309,"column":8},"skip":true},{"start":{"line":309,"column":8},"end":{"line":309,"column":8},"skip":true}]},"27":{"line":312,"type":"binary-expr","locations":[{"start":{"line":312,"column":27},"end":{"line":312,"column":43},"skip":true},{"start":{"line":312,"column":47},"end":{"line":312,"column":53},"skip":true}]},"28":{"line":316,"type":"if","locations":[{"start":{"line":316,"column":12},"end":{"line":316,"column":12},"skip":true},{"start":{"line":316,"column":12},"end":{"line":316,"column":12},"skip":true}]}},"code":["/*","example.js","","quickstart example","","instruction","    1. save this script as example.js","    2. run the shell command:","        $ npm install npmtest-gulp-html-replace && PORT=8081 node example.js","    3. play with the browser-demo on http://127.0.0.1:8081","*/","","","","/* istanbul instrument in package npmtest_gulp_html_replace */","/*jslint","    bitwise: true,","    browser: true,","    maxerr: 8,","    maxlen: 96,","    node: true,","    nomen: true,","    regexp: true,","    stupid: true","*/","(function () {","    'use strict';","    var local;","","","","    // run shared js-env code - pre-init","    (function () {","        // init local","        local = {};","        // init modeJs","        local.modeJs = (function () {","            try {","                return typeof navigator.userAgent === 'string' &&","                    typeof document.querySelector('body') === 'object' &&","                    typeof XMLHttpRequest.prototype.open === 'function' &&","                    'browser';","            } catch (errorCaughtBrowser) {","                return module.exports &&","                    typeof process.versions.node === 'string' &&","                    typeof require('http').createServer === 'function' &&","                    'node';","            }","        }());","        // init global","        local.global = local.modeJs === 'browser'","            ? window","            : global;","        // init utility2_rollup","        local = local.global.utility2_rollup || (local.modeJs === 'browser'","            ? local.global.utility2_npmtest_gulp_html_replace","            : global.utility2_moduleExports);","        // export local","        local.global.local = local;","    }());","    switch (local.modeJs) {","","","","    // post-init","    // run browser js-env code - post-init","    /* istanbul ignore next */","    case 'browser':","        local.testRunBrowser = function (event) {","            if (!event || (event &&","                    event.currentTarget &&","                    event.currentTarget.className &&","                    event.currentTarget.className.includes &&","                    event.currentTarget.className.includes('onreset'))) {","                // reset output","                Array.from(","                    document.querySelectorAll('body > .resettable')","                ).forEach(function (element) {","                    switch (element.tagName) {","                    case 'INPUT':","                    case 'TEXTAREA':","                        element.value = '';","                        break;","                    default:","                        element.textContent = '';","                    }","                });","            }","            switch (event && event.currentTarget && event.currentTarget.id) {","            case 'testRunButton1':","                // show tests","                if (document.querySelector('#testReportDiv1').style.display === 'none') {","                    document.querySelector('#testReportDiv1').style.display = 'block';","                    document.querySelector('#testRunButton1').textContent =","                        'hide internal test';","                    local.modeTest = true;","                    local.testRunDefault(local);","                // hide tests","                } else {","                    document.querySelector('#testReportDiv1').style.display = 'none';","                    document.querySelector('#testRunButton1').textContent = 'run internal test';","                }","                break;","            // custom-case","            default:","                break;","            }","            if (document.querySelector('#inputTextareaEval1') && (!event || (event &&","                    event.currentTarget &&","                    event.currentTarget.className &&","                    event.currentTarget.className.includes &&","                    event.currentTarget.className.includes('oneval')))) {","                // try to eval input-code","                try {","                    /*jslint evil: true*/","                    eval(document.querySelector('#inputTextareaEval1').value);","                } catch (errorCaught) {","                    console.error(errorCaught.stack);","                }","            }","        };","        // log stderr and stdout to #outputTextareaStdout1","        ['error', 'log'].forEach(function (key) {","            console[key + '_original'] = console[key];","            console[key] = function () {","                var element;","                console[key + '_original'].apply(console, arguments);","                element = document.querySelector('#outputTextareaStdout1');","                if (!element) {","                    return;","                }","                // append text to #outputTextareaStdout1","                element.value += Array.from(arguments).map(function (arg) {","                    return typeof arg === 'string'","                        ? arg","                        : JSON.stringify(arg, null, 4);","                }).join(' ') + '\\n';","                // scroll textarea to bottom","                element.scrollTop = element.scrollHeight;","            };","        });","        // init event-handling","        ['change', 'click', 'keyup'].forEach(function (event) {","            Array.from(document.querySelectorAll('.on' + event)).forEach(function (element) {","                element.addEventListener(event, local.testRunBrowser);","            });","        });","        // run tests","        local.testRunBrowser();","        break;","","","","    // run node js-env code - post-init","    /* istanbul ignore next */","    case 'node':","        // export local","        module.exports = local;","        // require modules","        local.fs = require('fs');","        local.http = require('http');","        local.url = require('url');","        // init assets","        local.assetsDict = local.assetsDict || {};","        /* jslint-ignore-begin */","        local.assetsDict['/assets.index.template.html'] = '\\","<!doctype html>\\n\\","<html lang=\"en\">\\n\\","<head>\\n\\","<meta charset=\"UTF-8\">\\n\\","<meta name=\"viewport\" content=\"width=device-width, initial-scale=1\">\\n\\","<title>{{env.npm_package_name}} (v{{env.npm_package_version}})</title>\\n\\","<style>\\n\\","/*csslint\\n\\","    box-sizing: false,\\n\\","    universal-selector: false\\n\\","*/\\n\\","* {\\n\\","    box-sizing: border-box;\\n\\","}\\n\\","body {\\n\\","    background: #dde;\\n\\","    font-family: Arial, Helvetica, sans-serif;\\n\\","    margin: 2rem;\\n\\","}\\n\\","body > * {\\n\\","    margin-bottom: 1rem;\\n\\","}\\n\\",".utility2FooterDiv {\\n\\","    margin-top: 20px;\\n\\","    text-align: center;\\n\\","}\\n\\","</style>\\n\\","<style>\\n\\","/*csslint\\n\\","*/\\n\\","textarea {\\n\\","    font-family: monospace;\\n\\","    height: 10rem;\\n\\","    width: 100%;\\n\\","}\\n\\","textarea[readonly] {\\n\\","    background: #ddd;\\n\\","}\\n\\","</style>\\n\\","</head>\\n\\","<body>\\n\\","<!-- utility2-comment\\n\\","<div id=\"ajaxProgressDiv1\" style=\"background: #d00; height: 2px; left: 0; margin: 0; padding: 0; position: fixed; top: 0; transition: background 0.5s, width 1.5s; width: 25%;\"></div>\\n\\","utility2-comment -->\\n\\","<h1>\\n\\","<!-- utility2-comment\\n\\","    <a\\n\\","        {{#if env.npm_package_homepage}}\\n\\","        href=\"{{env.npm_package_homepage}}\"\\n\\","        {{/if env.npm_package_homepage}}\\n\\","        target=\"_blank\"\\n\\","    >\\n\\","utility2-comment -->\\n\\","        {{env.npm_package_name}} (v{{env.npm_package_version}})\\n\\","<!-- utility2-comment\\n\\","    </a>\\n\\","utility2-comment -->\\n\\","</h1>\\n\\","<h3>{{env.npm_package_description}}</h3>\\n\\","<!-- utility2-comment\\n\\","<h4><a download href=\"assets.app.js\">download standalone app</a></h4>\\n\\","<button class=\"onclick onreset\" id=\"testRunButton1\">run internal test</button><br>\\n\\","<div id=\"testReportDiv1\" style=\"display: none;\"></div>\\n\\","utility2-comment -->\\n\\","\\n\\","\\n\\","\\n\\","<label>stderr and stdout</label>\\n\\","<textarea class=\"resettable\" id=\"outputTextareaStdout1\" readonly></textarea>\\n\\","<!-- utility2-comment\\n\\","{{#if isRollup}}\\n\\","<script src=\"assets.app.js\"></script>\\n\\","{{#unless isRollup}}\\n\\","utility2-comment -->\\n\\","<script src=\"assets.utility2.rollup.js\"></script>\\n\\","<script src=\"jsonp.utility2._stateInit?callback=window.utility2._stateInit\"></script>\\n\\","<script src=\"assets.npmtest_gulp_html_replace.rollup.js\"></script>\\n\\","<script src=\"assets.example.js\"></script>\\n\\","<script src=\"assets.test.js\"></script>\\n\\","<!-- utility2-comment\\n\\","{{/if isRollup}}\\n\\","utility2-comment -->\\n\\","<div class=\"utility2FooterDiv\">\\n\\","    [ this app was created with\\n\\","    <a href=\"https://github.com/kaizhu256/node-utility2\" target=\"_blank\">utility2</a>\\n\\","    ]\\n\\","</div>\\n\\","</body>\\n\\","</html>\\n\\","';","        /* jslint-ignore-end */","        if (local.templateRender) {","            local.assetsDict['/'] = local.templateRender(","                local.assetsDict['/assets.index.template.html'],","                {","                    env: local.objectSetDefault(local.env, {","                        npm_package_description: 'the greatest app in the world!',","                        npm_package_name: 'my-app',","                        npm_package_nameAlias: 'my_app',","                        npm_package_version: '0.0.1'","                    })","                }","            );","        } else {","            local.assetsDict['/'] = local.assetsDict['/assets.index.template.html']","                .replace((/\\{\\{env\\.(\\w+?)\\}\\}/g), function (match0, match1) {","                    // jslint-hack","                    String(match0);","                    switch (match1) {","                    case 'npm_package_description':","                        return 'the greatest app in the world!';","                    case 'npm_package_name':","                        return 'my-app';","                    case 'npm_package_nameAlias':","                        return 'my_app';","                    case 'npm_package_version':","                        return '0.0.1';","                    }","                });","        }","        // run the cli","        if (local.global.utility2_rollup || module !== require.main) {","            break;","        }","        local.assetsDict['/assets.example.js'] =","            local.assetsDict['/assets.example.js'] ||","            local.fs.readFileSync(__filename, 'utf8');","        local.assetsDict['/assets.npmtest_gulp_html_replace.rollup.js'] =","            local.assetsDict['/assets.npmtest_gulp_html_replace.rollup.js'] ||","            local.fs.readFileSync(","                // buildCustomOrg-hack","                local.npmtest_gulp_html_replace.__dirname +","                    '/lib.npmtest_gulp_html_replace.js',","                'utf8'","            ).replace((/^#!/), '//');","        local.assetsDict['/favicon.ico'] = local.assetsDict['/favicon.ico'] || '';","        // if $npm_config_timeout_exit exists,","        // then exit this process after $npm_config_timeout_exit ms","        if (Number(process.env.npm_config_timeout_exit)) {","            setTimeout(process.exit, Number(process.env.npm_config_timeout_exit));","        }","        // start server","        if (local.global.utility2_serverHttp1) {","            break;","        }","        process.env.PORT = process.env.PORT || '8081';","        console.error('server starting on port ' + process.env.PORT);","        local.http.createServer(function (request, response) {","            request.urlParsed = local.url.parse(request.url);","            if (local.assetsDict[request.urlParsed.pathname] !== undefined) {","                response.end(local.assetsDict[request.urlParsed.pathname]);","                return;","            }","            response.statusCode = 404;","            response.end();","        }).listen(process.env.PORT);","        break;","    }","}());",""],"l":{"26":2,"28":2,"33":2,"35":2,"37":2,"38":2,"39":2,"44":1,"51":2,"55":2,"59":2,"61":2,"69":1,"70":2,"76":2,"79":2,"82":2,"83":2,"85":1,"89":2,"92":1,"93":1,"94":1,"96":1,"97":1,"100":1,"101":1,"103":1,"106":1,"108":2,"114":1,"116":1,"118":1,"123":1,"124":2,"125":2,"126":2,"127":2,"128":2,"129":2,"130":1,"133":2,"134":2,"139":2,"143":1,"144":3,"145":1,"149":1,"150":1,"158":1,"160":1,"161":1,"162":1,"164":1,"166":1,"258":1,"259":1,"271":1,"274":6,"275":6,"277":1,"279":2,"281":1,"283":2,"288":1,"289":1,"291":1,"294":1,"302":1,"305":1,"306":1,"309":1,"310":1,"312":1,"313":1,"314":1,"315":1,"316":1,"317":1,"318":1,"320":1,"321":1,"323":1}},"/home/travis/build/npmtest/node-npmtest-gulp-html-replace/gulp-html-replace/lib/index.js":{"path":"/home/travis/build/npmtest/node-npmtest-gulp-html-replace/gulp-html-replace/lib/index.js","s":{"1":1,"2":1,"3":1,"4":1,"5":1,"6":1,"7":0,"8":0,"9":0,"10":0,"11":0,"12":0,"13":0,"14":0,"15":0,"16":0,"17":0,"18":0,"19":0,"20":0,"21":0,"22":0,"23":0,"24":0,"25":0,"26":0,"27":0,"28":0},"b":{"1":[0,0],"2":[0,0],"3":[0,0],"4":[0,0]},"f":{"1":0,"2":0,"3":0,"4":0,"5":0},"fnMap":{"1":{"name":"(anonymous_1)","line":9,"loc":{"start":{"line":9,"column":17},"end":{"line":9,"column":48}}},"2":{"name":"(anonymous_2)","line":26,"loc":{"start":{"line":26,"column":19},"end":{"line":26,"column":50}}},"3":{"name":"(anonymous_3)","line":28,"loc":{"start":{"line":28,"column":22},"end":{"line":28,"column":39}}},"4":{"name":"(anonymous_4)","line":37,"loc":{"start":{"line":37,"column":42},"end":{"line":37,"column":58}}},"5":{"name":"(anonymous_5)","line":40,"loc":{"start":{"line":40,"column":43},"end":{"line":40,"column":55}}}},"statementMap":{"1":{"start":{"line":3,"column":0},"end":{"line":3,"column":29}},"2":{"start":{"line":4,"column":0},"end":{"line":4,"column":44}},"3":{"start":{"line":5,"column":0},"end":{"line":5,"column":53}},"4":{"start":{"line":6,"column":0},"end":{"line":6,"column":33}},"5":{"start":{"line":7,"column":0},"end":{"line":7,"column":33}},"6":{"start":{"line":9,"column":0},"end":{"line":56,"column":2}},"7":{"start":{"line":10,"column":4},"end":{"line":10,"column":50}},"8":{"start":{"line":12,"column":4},"end":{"line":16,"column":6}},"9":{"start":{"line":18,"column":4},"end":{"line":22,"column":5}},"10":{"start":{"line":19,"column":8},"end":{"line":19,"column":43}},"11":{"start":{"line":20,"column":11},"end":{"line":22,"column":5}},"12":{"start":{"line":21,"column":8},"end":{"line":21,"column":41}},"13":{"start":{"line":24,"column":4},"end":{"line":55,"column":7}},"14":{"start":{"line":27,"column":12},"end":{"line":53,"column":29}},"15":{"start":{"line":30,"column":20},"end":{"line":30,"column":72}},"16":{"start":{"line":32,"column":20},"end":{"line":45,"column":21}},"17":{"start":{"line":33,"column":24},"end":{"line":33,"column":52}},"18":{"start":{"line":34,"column":24},"end":{"line":34,"column":37}},"19":{"start":{"line":36,"column":24},"end":{"line":36,"column":53}},"20":{"start":{"line":37,"column":24},"end":{"line":39,"column":27}},"21":{"start":{"line":38,"column":28},"end":{"line":38,"column":71}},"22":{"start":{"line":40,"column":24},"end":{"line":43,"column":27}},"23":{"start":{"line":41,"column":28},"end":{"line":41,"column":53}},"24":{"start":{"line":42,"column":28},"end":{"line":42,"column":49}},"25":{"start":{"line":44,"column":24},"end":{"line":44,"column":31}},"26":{"start":{"line":47,"column":20},"end":{"line":49,"column":21}},"27":{"start":{"line":48,"column":24},"end":{"line":48,"column":67}},"28":{"start":{"line":51,"column":20},"end":{"line":51,"column":41}}},"branchMap":{"1":{"line":18,"type":"if","locations":[{"start":{"line":18,"column":4},"end":{"line":18,"column":4}},{"start":{"line":18,"column":4},"end":{"line":18,"column":4}}]},"2":{"line":20,"type":"if","locations":[{"start":{"line":20,"column":11},"end":{"line":20,"column":11}},{"start":{"line":20,"column":11},"end":{"line":20,"column":11}}]},"3":{"line":32,"type":"if","locations":[{"start":{"line":32,"column":20},"end":{"line":32,"column":20}},{"start":{"line":32,"column":20},"end":{"line":32,"column":20}}]},"4":{"line":47,"type":"if","locations":[{"start":{"line":47,"column":20},"end":{"line":47,"column":20}},{"start":{"line":47,"column":20},"end":{"line":47,"column":20}}]}},"code":["'use strict';","","var clone = require('clone');","var objectAssign = require('object-assign');","var Transform = require('readable-stream/transform');","var common = require('./common');","var Parser = require('./parser');","","module.exports = function (options, userConfig) {","    var tasksPromise = common.parseTasks(options);","","    var config = {","        keepUnassigned: false,","        keepBlockTags: false,","        resolvePaths: false","    };","","    if (typeof userConfig === 'boolean') {","        config.keepUnassigned = userConfig;","    } else if (typeof userConfig === 'object') {","        objectAssign(config, userConfig);","    }","","    return new Transform({","        objectMode: true,","        transform: function (file, enc, callback) {","            tasksPromise","                .then(function (tasks) {","","                    var parser = new Parser(clone(tasks), config, file);","","                    if (file.isBuffer()) {","                        parser.write(file.contents);","                        parser.end();","","                        var contents = new Buffer(0);","                        parser.on('data', function (data) {","                            contents = Buffer.concat([contents, data]);","                        });","                        parser.once('end', function () {","                            file.contents = contents;","                            callback(null, file);","                        });","                        return;","                    }","","                    if (file.isStream()) {","                        file.contents = file.contents.pipe(parser);","                    }","","                    callback(null, file);","                })","            .catch(callback);","        }","    });","};",""],"l":{"3":1,"4":1,"5":1,"6":1,"7":1,"9":1,"10":0,"12":0,"18":0,"19":0,"20":0,"21":0,"24":0,"27":0,"30":0,"32":0,"33":0,"34":0,"36":0,"37":0,"38":0,"40":0,"41":0,"42":0,"44":0,"47":0,"48":0,"51":0}},"/home/travis/build/npmtest/node-npmtest-gulp-html-replace/gulp-html-replace/lib/common.js":{"path":"/home/travis/build/npmtest/node-npmtest-gulp-html-replace/gulp-html-replace/lib/common.js","s":{"1":1,"2":1,"3":1,"4":0,"5":1,"6":0,"7":0,"8":0,"9":0,"10":0,"11":0,"12":0,"13":0,"14":0,"15":0,"16":0,"17":0,"18":1,"19":0,"20":0,"21":0,"22":0,"23":0,"24":0,"25":0,"26":0,"27":0,"28":0,"29":0,"30":0,"31":0,"32":0,"33":0,"34":0,"35":0,"36":0,"37":0,"38":0,"39":0,"40":0,"41":0,"42":0,"43":0,"44":0,"45":0,"46":0,"47":0},"b":{"1":[0,0,0],"2":[0,0],"3":[0,0],"4":[0,0],"5":[0,0],"6":[0,0]},"f":{"1":0,"2":0,"3":0,"4":0,"5":0,"6":0,"7":0,"8":0,"9":0,"10":0,"11":0,"12":0,"13":0,"14":0,"15":0,"16":0},"fnMap":{"1":{"name":"isStream","line":6,"loc":{"start":{"line":6,"column":0},"end":{"line":6,"column":23}}},"2":{"name":"resolveSrcString","line":19,"loc":{"start":{"line":19,"column":0},"end":{"line":19,"column":39}}},"3":{"name":"(anonymous_3)","line":22,"loc":{"start":{"line":22,"column":43},"end":{"line":22,"column":59}}},"4":{"name":"(anonymous_4)","line":26,"loc":{"start":{"line":26,"column":27},"end":{"line":26,"column":54}}},"5":{"name":"(anonymous_5)","line":30,"loc":{"start":{"line":30,"column":28},"end":{"line":30,"column":44}}},"6":{"name":"(anonymous_6)","line":33,"loc":{"start":{"line":33,"column":29},"end":{"line":33,"column":45}}},"7":{"name":"(anonymous_7)","line":37,"loc":{"start":{"line":37,"column":29},"end":{"line":37,"column":41}}},"8":{"name":"(anonymous_8)","line":56,"loc":{"start":{"line":56,"column":16},"end":{"line":56,"column":35}}},"9":{"name":"(anonymous_9)","line":62,"loc":{"start":{"line":62,"column":53},"end":{"line":62,"column":69}}},"10":{"name":"(anonymous_10)","line":73,"loc":{"start":{"line":73,"column":22},"end":{"line":73,"column":34}}},"11":{"name":"(anonymous_11)","line":78,"loc":{"start":{"line":78,"column":28},"end":{"line":78,"column":49}}},"12":{"name":"(anonymous_12)","line":84,"loc":{"start":{"line":84,"column":22},"end":{"line":84,"column":34}}},"13":{"name":"(anonymous_13)","line":100,"loc":{"start":{"line":100,"column":22},"end":{"line":100,"column":34}}},"14":{"name":"(anonymous_14)","line":106,"loc":{"start":{"line":106,"column":18},"end":{"line":106,"column":29}}},"15":{"name":"(anonymous_15)","line":111,"loc":{"start":{"line":111,"column":19},"end":{"line":111,"column":45}}},"16":{"name":"(anonymous_16)","line":113,"loc":{"start":{"line":113,"column":31},"end":{"line":113,"column":43}}}},"statementMap":{"1":{"start":{"line":3,"column":0},"end":{"line":3,"column":34}},"2":{"start":{"line":4,"column":0},"end":{"line":4,"column":37}},"3":{"start":{"line":6,"column":0},"end":{"line":8,"column":1}},"4":{"start":{"line":7,"column":4},"end":{"line":7,"column":81}},"5":{"start":{"line":19,"column":0},"end":{"line":44,"column":1}},"6":{"start":{"line":20,"column":4},"end":{"line":43,"column":5}},"7":{"start":{"line":22,"column":8},"end":{"line":24,"column":12}},"8":{"start":{"line":23,"column":12},"end":{"line":23,"column":42}},"9":{"start":{"line":25,"column":11},"end":{"line":43,"column":5}},"10":{"start":{"line":26,"column":8},"end":{"line":40,"column":11}},"11":{"start":{"line":27,"column":12},"end":{"line":27,"column":29}},"12":{"start":{"line":29,"column":12},"end":{"line":39,"column":19}},"13":{"start":{"line":31,"column":20},"end":{"line":31,"column":59}},"14":{"start":{"line":34,"column":20},"end":{"line":34,"column":34}},"15":{"start":{"line":35,"column":20},"end":{"line":35,"column":31}},"16":{"start":{"line":38,"column":20},"end":{"line":38,"column":37}},"17":{"start":{"line":42,"column":8},"end":{"line":42,"column":44}},"18":{"start":{"line":46,"column":0},"end":{"line":119,"column":2}},"19":{"start":{"line":57,"column":8},"end":{"line":57,"column":32}},"20":{"start":{"line":59,"column":8},"end":{"line":59,"column":38}},"21":{"start":{"line":60,"column":8},"end":{"line":60,"column":30}},"22":{"start":{"line":62,"column":8},"end":{"line":103,"column":11}},"23":{"start":{"line":64,"column":12},"end":{"line":69,"column":14}},"24":{"start":{"line":71,"column":12},"end":{"line":102,"column":19}},"25":{"start":{"line":74,"column":20},"end":{"line":74,"column":45}},"26":{"start":{"line":75,"column":20},"end":{"line":75,"column":80}},"27":{"start":{"line":77,"column":20},"end":{"line":82,"column":25}},"28":{"start":{"line":79,"column":26},"end":{"line":79,"column":63}},"29":{"start":{"line":80,"column":26},"end":{"line":80,"column":65}},"30":{"start":{"line":81,"column":26},"end":{"line":81,"column":46}},"31":{"start":{"line":85,"column":20},"end":{"line":85,"column":31}},"32":{"start":{"line":87,"column":20},"end":{"line":98,"column":21}},"33":{"start":{"line":88,"column":24},"end":{"line":88,"column":45}},"34":{"start":{"line":89,"column":24},"end":{"line":89,"column":40}},"35":{"start":{"line":91,"column":24},"end":{"line":93,"column":25}},"36":{"start":{"line":92,"column":28},"end":{"line":92,"column":37}},"37":{"start":{"line":95,"column":24},"end":{"line":95,"column":66}},"38":{"start":{"line":96,"column":24},"end":{"line":96,"column":44}},"39":{"start":{"line":97,"column":24},"end":{"line":97,"column":48}},"40":{"start":{"line":101,"column":20},"end":{"line":101,"column":46}},"41":{"start":{"line":105,"column":8},"end":{"line":108,"column":11}},"42":{"start":{"line":107,"column":15},"end":{"line":107,"column":35}},"43":{"start":{"line":112,"column":8},"end":{"line":112,"column":25}},"44":{"start":{"line":113,"column":8},"end":{"line":116,"column":11}},"45":{"start":{"line":114,"column":12},"end":{"line":114,"column":60}},"46":{"start":{"line":115,"column":12},"end":{"line":115,"column":30}},"47":{"start":{"line":117,"column":8},"end":{"line":117,"column":23}}},"branchMap":{"1":{"line":7,"type":"binary-expr","locations":[{"start":{"line":7,"column":11},"end":{"line":7,"column":14}},{"start":{"line":7,"column":18},"end":{"line":7,"column":48}},{"start":{"line":7,"column":52},"end":{"line":7,"column":80}}]},"2":{"line":20,"type":"if","locations":[{"start":{"line":20,"column":4},"end":{"line":20,"column":4}},{"start":{"line":20,"column":4},"end":{"line":20,"column":4}}]},"3":{"line":25,"type":"if","locations":[{"start":{"line":25,"column":11},"end":{"line":25,"column":11}},{"start":{"line":25,"column":11},"end":{"line":25,"column":11}}]},"4":{"line":57,"type":"binary-expr","locations":[{"start":{"line":57,"column":18},"end":{"line":57,"column":25}},{"start":{"line":57,"column":29},"end":{"line":57,"column":31}}]},"5":{"line":75,"type":"cond-expr","locations":[{"start":{"line":75,"column":64},"end":{"line":75,"column":72}},{"start":{"line":75,"column":75},"end":{"line":75,"column":79}}]},"6":{"line":91,"type":"if","locations":[{"start":{"line":91,"column":24},"end":{"line":91,"column":24}},{"start":{"line":91,"column":24},"end":{"line":91,"column":24}}]}},"code":["'use strict';","","var Promise = require('bluebird');","var buffer = require('vinyl-buffer');","","function isStream(obj) {","    return obj && typeof obj.pipe === 'function' && typeof obj.on === 'function';","}","","/**"," * Takes the src property of the task configuration and deeply \"resolves\" any vinyl file stream in it by turning"," * it into a string."," *"," * This function doesn't change the \"arborescence\" of the given value: all the forms with strings accepted"," * work with vinyl file streams."," *"," * @returns {Promise}"," */","function resolveSrcString(srcProperty) {","    if (Array.isArray(srcProperty)) {","        // handle multiple tag replacement","        return Promise.all(srcProperty.map(function (item) {","            return resolveSrcString(item);","        }));","    } else if (isStream(srcProperty)) {","        return new Promise(function (resolve, reject) {","            var strings = [];","","            srcProperty.pipe(buffer())","                .on('data', function (file) {","                    strings.push(file.contents.toString());","                })","                .on('error', function(error) {","                    reject(error);","                    this.end();","                })","                .once('end', function () {","                    resolve(strings);","                });","        });","    } else {","        return Promise.resolve(srcProperty);","    }","}","","module.exports = {","    /**","     * tasks = {","     *     'task-name': {","     *         'src': [file1, file2],","     *         'tpl': '<script src=\"%s\"></script>'","     *     },","     *     ....","     * }","     **/","    parseTasks: function (options) {","        options = options || {};","","        var utilExtensions = /%f|%e/g;","        var tasksByNames = {};","","        var tasksPromises = Object.keys(options).map(function (name) {","","            var task = {","                src: [],","                tpl: null,","                uni: {},","                srcIsNull: false","            };","","            return Promise","                .resolve()","                .then(function () {","                    var item = options[name];","                    var src = typeof item.src !== 'undefined' ? item.src : item;","","                    return resolveSrcString(src)","                      .then(function(srcStrings) {","                          task.srcIsNull = srcStrings === null;","                          task.src = task.src.concat(srcStrings);","                          task.tpl = item.tpl;","                      });","                })","                .then(function () {","                    var result;","","                    while (result = utilExtensions.exec(task.tpl)) {","                        var type = result[0];","                        var unique = {};","","                        if (task.uni[type]) {","                            continue;","                        }","","                        unique.regex = new RegExp(result[0], \"g\");","                        unique.value = null;","                        task.uni[type] = unique;","                    }","                })","                .then(function () {","                    tasksByNames[name] = task;","                });","        });","","        return Promise.all(tasksPromises)","            .then(function() {","               return tasksByNames;","        });","    },","","    regexMatchAll: function (string, regexp) {","        var matches = [];","        string.replace(regexp, function () {","            var arr = Array.prototype.slice.call(arguments);","            matches.push(arr);","        });","        return matches;","    }","};",""],"l":{"3":1,"4":1,"6":1,"7":0,"19":1,"20":0,"22":0,"23":0,"25":0,"26":0,"27":0,"29":0,"31":0,"34":0,"35":0,"38":0,"42":0,"46":1,"57":0,"59":0,"60":0,"62":0,"64":0,"71":0,"74":0,"75":0,"77":0,"79":0,"80":0,"81":0,"85":0,"87":0,"88":0,"89":0,"91":0,"92":0,"95":0,"96":0,"97":0,"101":0,"105":0,"107":0,"112":0,"113":0,"114":0,"115":0,"117":0}},"/home/travis/build/npmtest/node-npmtest-gulp-html-replace/gulp-html-replace/lib/parser.js":{"path":"/home/travis/build/npmtest/node-npmtest-gulp-html-replace/gulp-html-replace/lib/parser.js","s":{"1":1,"2":1,"3":1,"4":1,"5":1,"6":1,"7":0,"8":0,"9":0,"10":0,"11":1,"12":1,"13":0,"14":0,"15":0,"16":0,"17":0,"18":0,"19":0,"20":1},"b":{},"f":{"1":0,"2":0,"3":0,"4":0},"fnMap":{"1":{"name":"Parser","line":20,"loc":{"start":{"line":20,"column":0},"end":{"line":20,"column":37}}},"2":{"name":"(anonymous_2)","line":29,"loc":{"start":{"line":29,"column":30},"end":{"line":29,"column":58}}},"3":{"name":"(anonymous_3)","line":33,"loc":{"start":{"line":33,"column":20},"end":{"line":33,"column":37}}},"4":{"name":"(anonymous_4)","line":35,"loc":{"start":{"line":35,"column":53},"end":{"line":35,"column":65}}}},"statementMap":{"1":{"start":{"line":3,"column":0},"end":{"line":3,"column":27}},"2":{"start":{"line":4,"column":0},"end":{"line":4,"column":53}},"3":{"start":{"line":5,"column":0},"end":{"line":5,"column":31}},"4":{"start":{"line":6,"column":0},"end":{"line":6,"column":33}},"5":{"start":{"line":18,"column":0},"end":{"line":18,"column":107}},"6":{"start":{"line":20,"column":0},"end":{"line":26,"column":1}},"7":{"start":{"line":21,"column":4},"end":{"line":21,"column":25}},"8":{"start":{"line":23,"column":4},"end":{"line":23,"column":23}},"9":{"start":{"line":24,"column":4},"end":{"line":24,"column":25}},"10":{"start":{"line":25,"column":4},"end":{"line":25,"column":21}},"11":{"start":{"line":27,"column":0},"end":{"line":27,"column":33}},"12":{"start":{"line":29,"column":0},"end":{"line":41,"column":2}},"13":{"start":{"line":30,"column":4},"end":{"line":30,"column":41}},"14":{"start":{"line":32,"column":4},"end":{"line":32,"column":55}},"15":{"start":{"line":33,"column":4},"end":{"line":38,"column":18}},"16":{"start":{"line":34,"column":8},"end":{"line":34,"column":61}},"17":{"start":{"line":35,"column":8},"end":{"line":37,"column":22}},"18":{"start":{"line":36,"column":12},"end":{"line":36,"column":44}},"19":{"start":{"line":40,"column":4},"end":{"line":40,"column":24}},"20":{"start":{"line":43,"column":0},"end":{"line":43,"column":24}}},"branchMap":{},"code":["'use strict';","","var util = require('util');","var Transform = require('readable-stream/transform');","var Block = require('./block');","var common = require('./common');","","/**"," * 1 - newline"," * 2 - indentation"," * 3 - begin tag"," * 4 - task name"," * 5 - original content"," * 6 - end tag"," *"," * @type {RegExp}"," */","var regex = /(\\n?)([ \\t]*)(<!--\\s*build:(\\w+(?:-\\w+)*)\\s*-->)\\n?([\\s\\S]*?)\\n?(<!--\\s*endbuild\\s*-->)\\n?/ig;","","function Parser(tasks, config, file) {","    Transform.call(this);","","    this.tasks = tasks;","    this.config = config;","    this.file = file;","}","util.inherits(Parser, Transform);","","Parser.prototype._transform = function (chunk, enc, done) {","    var content = chunk.toString('utf8');","","    var matches = common.regexMatchAll(content, regex);","    matches.forEach(function (match) {","        var block = new Block(this.config, this.file, match);","        content = content.replace(block.replacement, function () {","            return block.compile(this.tasks)","        }.bind(this));","    }.bind(this));","","    done(null, content);","};","","module.exports = Parser;",""],"l":{"3":1,"4":1,"5":1,"6":1,"18":1,"20":1,"21":0,"23":0,"24":0,"25":0,"27":1,"29":1,"30":0,"32":0,"33":0,"34":0,"35":0,"36":0,"40":0,"43":1}},"/home/travis/build/npmtest/node-npmtest-gulp-html-replace/gulp-html-replace/lib/block.js":{"path":"/home/travis/build/npmtest/node-npmtest-gulp-html-replace/gulp-html-replace/lib/block.js","s":{"1":1,"2":1,"3":1,"4":1,"5":0,"6":0,"7":0,"8":0,"9":0,"10":0,"11":0,"12":0,"13":0,"14":0,"15":0,"16":1,"17":0,"18":0,"19":0,"20":0,"21":0,"22":0,"23":0,"24":0,"25":0,"26":0,"27":0,"28":0,"29":0,"30":0,"31":0,"32":0,"33":0,"34":0,"35":0,"36":0,"37":0,"38":0,"39":0,"40":0,"41":0,"42":0,"43":0,"44":0,"45":0,"46":0,"47":1,"48":0,"49":0,"50":0,"51":0,"52":0,"53":0,"54":0,"55":0,"56":0,"57":0,"58":0,"59":0,"60":0,"61":1},"b":{"1":[0,0],"2":[0,0],"3":[0,0],"4":[0,0],"5":[0,0],"6":[0,0],"7":[0,0],"8":[0,0],"9":[0,0],"10":[0,0],"11":[0,0],"12":[0,0],"13":[0,0]},"f":{"1":0,"2":0,"3":0,"4":0,"5":0},"fnMap":{"1":{"name":"(anonymous_1)","line":7,"loc":{"start":{"line":7,"column":12},"end":{"line":7,"column":43}}},"2":{"name":"(anonymous_2)","line":22,"loc":{"start":{"line":22,"column":24},"end":{"line":22,"column":36}}},"3":{"name":"(anonymous_3)","line":39,"loc":{"start":{"line":39,"column":45},"end":{"line":39,"column":60}}},"4":{"name":"(anonymous_4)","line":49,"loc":{"start":{"line":49,"column":33},"end":{"line":49,"column":56}}},"5":{"name":"(anonymous_5)","line":76,"loc":{"start":{"line":76,"column":26},"end":{"line":76,"column":43}}}},"statementMap":{"1":{"start":{"line":3,"column":0},"end":{"line":3,"column":27}},"2":{"start":{"line":4,"column":0},"end":{"line":4,"column":27}},"3":{"start":{"line":5,"column":0},"end":{"line":5,"column":29}},"4":{"start":{"line":7,"column":0},"end":{"line":20,"column":2}},"5":{"start":{"line":8,"column":4},"end":{"line":8,"column":32}},"6":{"start":{"line":9,"column":4},"end":{"line":9,"column":29}},"7":{"start":{"line":10,"column":4},"end":{"line":10,"column":27}},"8":{"start":{"line":11,"column":4},"end":{"line":11,"column":29}},"9":{"start":{"line":12,"column":4},"end":{"line":12,"column":29}},"10":{"start":{"line":13,"column":4},"end":{"line":13,"column":36}},"11":{"start":{"line":14,"column":4},"end":{"line":14,"column":27}},"12":{"start":{"line":16,"column":4},"end":{"line":16,"column":27}},"13":{"start":{"line":17,"column":4},"end":{"line":17,"column":25}},"14":{"start":{"line":18,"column":4},"end":{"line":18,"column":25}},"15":{"start":{"line":19,"column":4},"end":{"line":19,"column":21}},"16":{"start":{"line":22,"column":0},"end":{"line":74,"column":2}},"17":{"start":{"line":23,"column":4},"end":{"line":25,"column":5}},"18":{"start":{"line":24,"column":8},"end":{"line":24,"column":93}},"19":{"start":{"line":28,"column":4},"end":{"line":43,"column":5}},"20":{"start":{"line":29,"column":8},"end":{"line":29,"column":51}},"21":{"start":{"line":30,"column":8},"end":{"line":30,"column":62}},"22":{"start":{"line":32,"column":8},"end":{"line":34,"column":9}},"23":{"start":{"line":33,"column":12},"end":{"line":33,"column":51}},"24":{"start":{"line":35,"column":8},"end":{"line":37,"column":9}},"25":{"start":{"line":36,"column":12},"end":{"line":36,"column":50}},"26":{"start":{"line":39,"column":8},"end":{"line":42,"column":22}},"27":{"start":{"line":40,"column":12},"end":{"line":40,"column":46}},"28":{"start":{"line":41,"column":12},"end":{"line":41,"column":78}},"29":{"start":{"line":45,"column":4},"end":{"line":47,"column":5}},"30":{"start":{"line":46,"column":8},"end":{"line":46,"column":45}},"31":{"start":{"line":49,"column":4},"end":{"line":73,"column":18}},"32":{"start":{"line":50,"column":8},"end":{"line":57,"column":9}},"33":{"start":{"line":51,"column":12},"end":{"line":56,"column":13}},"34":{"start":{"line":52,"column":16},"end":{"line":52,"column":51}},"35":{"start":{"line":53,"column":16},"end":{"line":53,"column":74}},"36":{"start":{"line":55,"column":16},"end":{"line":55,"column":77}},"37":{"start":{"line":59,"column":8},"end":{"line":63,"column":9}},"38":{"start":{"line":60,"column":12},"end":{"line":60,"column":75}},"39":{"start":{"line":61,"column":12},"end":{"line":61,"column":87}},"40":{"start":{"line":62,"column":12},"end":{"line":62,"column":45}},"41":{"start":{"line":65,"column":8},"end":{"line":65,"column":75}},"42":{"start":{"line":67,"column":8},"end":{"line":71,"column":9}},"43":{"start":{"line":68,"column":12},"end":{"line":68,"column":89}},"44":{"start":{"line":69,"column":15},"end":{"line":71,"column":9}},"45":{"start":{"line":70,"column":12},"end":{"line":70,"column":96}},"46":{"start":{"line":72,"column":8},"end":{"line":72,"column":41}},"47":{"start":{"line":76,"column":0},"end":{"line":97,"column":2}},"48":{"start":{"line":77,"column":4},"end":{"line":77,"column":36}},"49":{"start":{"line":79,"column":4},"end":{"line":84,"column":5}},"50":{"start":{"line":80,"column":8},"end":{"line":80,"column":37}},"51":{"start":{"line":81,"column":8},"end":{"line":81,"column":33}},"52":{"start":{"line":82,"column":8},"end":{"line":82,"column":35}},"53":{"start":{"line":83,"column":8},"end":{"line":83,"column":40}},"54":{"start":{"line":86,"column":4},"end":{"line":86,"column":35}},"55":{"start":{"line":88,"column":4},"end":{"line":91,"column":5}},"56":{"start":{"line":89,"column":8},"end":{"line":89,"column":57}},"57":{"start":{"line":90,"column":8},"end":{"line":90,"column":52}},"58":{"start":{"line":93,"column":4},"end":{"line":93,"column":30}},"59":{"start":{"line":94,"column":4},"end":{"line":94,"column":27}},"60":{"start":{"line":96,"column":4},"end":{"line":96,"column":43}},"61":{"start":{"line":99,"column":0},"end":{"line":99,"column":23}}},"branchMap":{"1":{"line":23,"type":"if","locations":[{"start":{"line":23,"column":4},"end":{"line":23,"column":4}},{"start":{"line":23,"column":4},"end":{"line":23,"column":4}}]},"2":{"line":24,"type":"cond-expr","locations":[{"start":{"line":24,"column":44},"end":{"line":24,"column":87}},{"start":{"line":24,"column":90},"end":{"line":24,"column":92}}]},"3":{"line":28,"type":"if","locations":[{"start":{"line":28,"column":4},"end":{"line":28,"column":4}},{"start":{"line":28,"column":4},"end":{"line":28,"column":4}}]},"4":{"line":32,"type":"if","locations":[{"start":{"line":32,"column":8},"end":{"line":32,"column":8}},{"start":{"line":32,"column":8},"end":{"line":32,"column":8}}]},"5":{"line":35,"type":"if","locations":[{"start":{"line":35,"column":8},"end":{"line":35,"column":8}},{"start":{"line":35,"column":8},"end":{"line":35,"column":8}}]},"6":{"line":45,"type":"if","locations":[{"start":{"line":45,"column":4},"end":{"line":45,"column":4}},{"start":{"line":45,"column":4},"end":{"line":45,"column":4}}]},"7":{"line":50,"type":"if","locations":[{"start":{"line":50,"column":8},"end":{"line":50,"column":8}},{"start":{"line":50,"column":8},"end":{"line":50,"column":8}}]},"8":{"line":51,"type":"if","locations":[{"start":{"line":51,"column":12},"end":{"line":51,"column":12}},{"start":{"line":51,"column":12},"end":{"line":51,"column":12}}]},"9":{"line":59,"type":"if","locations":[{"start":{"line":59,"column":8},"end":{"line":59,"column":8}},{"start":{"line":59,"column":8},"end":{"line":59,"column":8}}]},"10":{"line":67,"type":"if","locations":[{"start":{"line":67,"column":8},"end":{"line":67,"column":8}},{"start":{"line":67,"column":8},"end":{"line":67,"column":8}}]},"11":{"line":69,"type":"if","locations":[{"start":{"line":69,"column":15},"end":{"line":69,"column":15}},{"start":{"line":69,"column":15},"end":{"line":69,"column":15}}]},"12":{"line":79,"type":"if","locations":[{"start":{"line":79,"column":4},"end":{"line":79,"column":4}},{"start":{"line":79,"column":4},"end":{"line":79,"column":4}}]},"13":{"line":88,"type":"if","locations":[{"start":{"line":88,"column":4},"end":{"line":88,"column":4}},{"start":{"line":88,"column":4},"end":{"line":88,"column":4}}]}},"code":["'use strict';","","var util = require('util');","var path = require('path');","var slash = require('slash');","","var Block = function (config, file, match) {","    this.replacement = match[0];","    this.linefeed = match[1];","    this.indent = match[2];","    this.beginTag = match[3];","    this.taskName = match[4];","    this.originalContent = match[5];","    this.endTag = match[6];","","    this.replacements = [];","    this.config = config;","    this.template = null;","    this.file = file;","};","","Block.prototype.build = function () {","    if (!this.replacements.length) {","        return this.config.keepUnassigned ? [this.indent + this.originalContent.trim()] : [];","    }","","    // get the replacement strings and do replacements for extensions","    if (this.uniqueExts) {","        var extname = path.extname(this.file.path);","        var basename = path.basename(this.file.path, extname);","","        if (this.uniqueExts['%f']) {","            this.uniqueExts['%f'].value = basename;","        }","        if (this.uniqueExts['%e']) {","            this.uniqueExts['%e'].value = extname;","        }","","        Object.keys(this.uniqueExts).forEach(function (key) {","            var unique = this.uniqueExts[key];","            this.template = this.template.replace(unique.regex, unique.value);","        }.bind(this));","    }","","    if (this.srcIsNull) {","        return [this.indent + this.template];","    }","","    return this.replacements.map(function (replacement) {","        if (this.template) {","            if (Array.isArray(replacement)) {","                replacement.unshift(this.template);","                return this.indent + util.format.apply(util, replacement);","            } else {","                return this.indent + util.format(this.template, replacement);","            }","        }","","        if (this.config.resolvePaths) {","            var replacementPath = path.resolve(this.file.cwd, replacement);","            replacement = path.relative(path.dirname(this.file.path), replacementPath);","            replacement = slash(replacement);","        }","","        var ext = replacement.split('?')[0].toLowerCase().split('.').pop();","","        if (ext === 'js') {","            return util.format('%s<script src=\"%s\"></script>', this.indent, replacement);","        } else if (ext === 'css') {","            return util.format('%s<link rel=\"stylesheet\" href=\"%s\">', this.indent, replacement);","        }","        return this.indent + replacement;","    }.bind(this));","};","","Block.prototype.compile = function (tasks) {","    var task = tasks[this.taskName];","    ","    if (task) {","        this.replacements = task.src;","        this.template = task.tpl;","        this.uniqueExts = task.uni;","        this.srcIsNull = task.srcIsNull;","    }","","    var buildResult = this.build();","","    if (this.config.keepBlockTags) {","        buildResult.unshift(this.indent + this.beginTag);","        buildResult.push(this.indent + this.endTag);","    }","","    buildResult.unshift(null);","    buildResult.push(null);","","    return buildResult.join(this.linefeed);","};","","module.exports = Block;",""],"l":{"3":1,"4":1,"5":1,"7":1,"8":0,"9":0,"10":0,"11":0,"12":0,"13":0,"14":0,"16":0,"17":0,"18":0,"19":0,"22":1,"23":0,"24":0,"28":0,"29":0,"30":0,"32":0,"33":0,"35":0,"36":0,"39":0,"40":0,"41":0,"45":0,"46":0,"49":0,"50":0,"51":0,"52":0,"53":0,"55":0,"59":0,"60":0,"61":0,"62":0,"65":0,"67":0,"68":0,"69":0,"70":0,"72":0,"76":1,"77":0,"79":0,"80":0,"81":0,"82":0,"83":0,"86":0,"88":0,"89":0,"90":0,"93":0,"94":0,"96":0,"99":1}}}